Log file open, 06/04/24 19:14:09
LogICUInternationalization: ICU TimeZone Detection - Raw Offset: -6:00, Platform Override: ''
LogConfig: No local boot hotfix file found at: [/home/bronin/.config/Epic/CrashReportClient/Saved/PersistentDownloadDir/HotfixForNextBoot.txt]
LogInit: ExecutableName: CrashReportClientEditor
LogInit: Build: ++UE5+Release-5.4-CL-33305029
LogInit: Platform=Linux
LogInit: MachineId=c068836dc6ae45938c80f55f3f005f03-000003e8
LogInit: DeviceId=
LogInit: Engine Version: 5.4.1-33305029+++UE5+Release-5.4
LogInit: Compatible Engine Version: 5.4.0-33043543+++UE5+Release-5.4
LogInit: Net CL: 33043543
LogInit: OS: Arch Linux (6.9.2-arch1-1), CPU: AMD Ryzen 9 5950X 16-Core Processor, GPU: UnknownVendor
LogInit: Compiled (64-bit): Apr 30 2024 04:59:46
LogInit: Architecture: x64
LogInit: Compiled with Clang: 16.0.6 (github.com/llvm/llvm-project 7cbf1a2591520c2491aa35339f227775f4d3adf6)
LogInit: Build Configuration: Shipping
LogInit: Branch Name: ++UE5+Release-5.4
LogInit: Command Line:  -Abslog="/home/bronin/Code/gamedevtv/WarehouseWreckage/Saved/Logs/WarehouseWreckage-CRC.log" -NoAnalytics "/home/bronin/Code/gamedevtv/WarehouseWreckage/Saved/Crashes/crashinfo-WarehouseWreckage-pid-15023-A4D9B6A1A0294675823FB44150D3EA1D/"
LogInit: Base Directory: /home/bronin/Linux_Unreal_Engine_5.4.1/Engine/Binaries/Linux/
LogInit: Allocator: Mimalloc
LogInit: Installed Engine Build: 1
LogInit: This binary is optimized with LTO: no, PGO: no, instrumented for PGO data collection: no
LogInit: Presizing for max 2097152 objects, including 1 objects not considered by GC, pre-allocating 0 bytes for permanent pool.
LogInit: Object subsystem initialized
LogConfig: Applying CVar settings from Section [ConsoleVariables] File [Engine]
[2024.06.05-00.14.09:324][  0]LogConfig: Set CVar [[memory.MemoryPressureCriticalThresholdMB:512]]
[2024.06.05-00.14.09:324][  0]LogInit: Unix hardware info:
[2024.06.05-00.14.09:324][  0]LogInit:  - we are the first instance of this executable
[2024.06.05-00.14.09:324][  0]LogInit:  - this process' id (pid) is 15345, parent process' id (ppid) is 15023
[2024.06.05-00.14.09:324][  0]LogInit:  - we are not running under debugger
[2024.06.05-00.14.09:324][  0]LogInit:  - machine network name is 'StarSimian'
[2024.06.05-00.14.09:324][  0]LogInit:  - user name is 'bronin' (bronin)
[2024.06.05-00.14.09:324][  0]LogInit:  - we're logged in locally
[2024.06.05-00.14.09:324][  0]LogInit:  - we're running with rendering
[2024.06.05-00.14.09:324][  0]LogInit:  - CPU: AuthenticAMD 'AMD Ryzen 9 5950X 16-Core Processor' (signature: 0xA20F10)
[2024.06.05-00.14.09:324][  0]LogInit:  - Number of physical cores available for the process: 16
[2024.06.05-00.14.09:324][  0]LogInit:  - Number of logical cores available for the process: 32
[2024.06.05-00.14.09:324][  0]LogInit:  - GPU Brand Info: UnknownVendor
[2024.06.05-00.14.09:324][  0]LogInit:  - Memory allocator used: Mimalloc
[2024.06.05-00.14.09:324][  0]LogInit:  - This is an internal build.
[2024.06.05-00.14.09:324][  0]LogCore: Skipped benchmarking clocks because the engine is running in a standalone program mode - CLOCK_MONOTONIC will be used.
[2024.06.05-00.14.09:324][  0]LogInit: Unix-specific commandline switches:
[2024.06.05-00.14.09:324][  0]LogInit:  -ansimalloc - use malloc()/free() from libc (useful for tools like valgrind and electric fence)
[2024.06.05-00.14.09:324][  0]LogInit:  -jemalloc - use jemalloc for all memory allocation
[2024.06.05-00.14.09:324][  0]LogInit:  -binnedmalloc - use binned malloc  for all memory allocation
[2024.06.05-00.14.09:324][  0]LogInit:  -filemapcachesize=NUMBER - set the size for case-sensitive file mapping cache
[2024.06.05-00.14.09:324][  0]LogInit:  -useksm - uses kernel same-page mapping (KSM) for mapped memory (OFF)
[2024.06.05-00.14.09:324][  0]LogInit:  -ksmmergeall - marks all mmap'd memory pages suitable for KSM (OFF)
[2024.06.05-00.14.09:324][  0]LogInit:  -preloadmodulesymbols - Loads the main module symbols file into memory (OFF)
[2024.06.05-00.14.09:324][  0]LogInit:  -sigdfl=SIGNAL - Allows a specific signal to be set to its default handler rather then ignoring the signal
[2024.06.05-00.14.09:324][  0]LogInit:  -crashhandlerstacksize - Allows setting crash handler stack sizes (204800)
[2024.06.05-00.14.09:324][  0]LogInit:  -noexclusivelockonwrite - disables marking files created by the engine as exclusive locked while the engine has them opened
[2024.06.05-00.14.09:324][  0]LogInit:  -httpproxy=ADDRESS:PORT - redirects HTTP requests to a proxy (only supported if compiled with libcurl)
[2024.06.05-00.14.09:324][  0]LogInit:  -reuseconn - allow libcurl to reuse HTTP connections (only matters if compiled with libcurl)
[2024.06.05-00.14.09:324][  0]LogInit:  -virtmemkb=NUMBER - sets process virtual memory (address space) limit (overrides VirtualMemoryLimitInKB value from .ini)
[2024.06.05-00.14.09:324][  0]LogInit:  -allowsyscallfilterfile=PATH_TO_FILE - sets up a system call filter allow list. any invalid syscall in this list *will* cause a crash
[2024.06.05-00.14.09:324][  0]LogInit:  - Physical RAM available (not considering process quota): 63 GB (64195 MB, 65736204 KB, 67313872896 bytes)
[2024.06.05-00.14.09:324][  0]LogInit:  - VirtualMemoryAllocator pools will grow at scale 1
[2024.06.05-00.14.09:324][  0]LogInit:  - MemoryRangeDecommit() will be a no-op (re-run with -vmapoolevict to change)
[2024.06.05-00.14.09:324][  0]LogInit:  - PageSize 4096
[2024.06.05-00.14.09:324][  0]LogInit:  - BinnedPageSize 65536
[2024.06.05-00.14.09:326][  0]LogUObjectArray: 475 objects as part of root set at end of initial load.
[2024.06.05-00.14.09:326][  0]LogUObjectArray: 0 objects are not in the root set, but can never be destroyed because they are in the DisregardForGC set.
[2024.06.05-00.14.09:326][  0]LogUObjectAllocator: 80424 out of 0 bytes used by permanent object pool.
[2024.06.05-00.14.09:326][  0]LogUObjectArray: CloseDisregardForGC: 475/475 objects in disregard for GC pool
[2024.06.05-00.14.09:326][  0]LogInit: Using OS detected language (en-US).
[2024.06.05-00.14.09:326][  0]LogInit: Using OS detected locale (en-US).
[2024.06.05-00.14.09:326][  0]LogTextLocalizationManager: No specific localization for 'en-US' exists, so 'en' will be used for the language.
[2024.06.05-00.14.09:343][  0]LogInit: Using OS detected language (en-US).
[2024.06.05-00.14.09:343][  0]LogInit: Using OS detected locale (en-US).
[2024.06.05-00.14.09:343][  0]LogTextLocalizationManager: No localization for 'en-US' exists, so 'en' will be used for the language.
[2024.06.05-00.14.09:343][  0]LogTextLocalizationManager: No localization for 'en-US' exists, so 'en' will be used for the locale.
[2024.06.05-00.14.09:343][  0]LogPackageLocalizationCache: Processed 2 localized package path(s) for 1 prioritized culture(s) in 0.000023 seconds
[2024.06.05-00.14.09:344][  0]CrashReportCoreLog: Display: Applying project settings from '/home/bronin/Code/gamedevtv/WarehouseWreckage/Saved/Crashes/crashinfo-WarehouseWreckage-pid-15023-A4D9B6A1A0294675823FB44150D3EA1D/CrashReportClient.ini'.
[2024.06.05-00.14.09:344][  0]CrashReportCoreLog: CrashReportClientVersion=1.0
[2024.06.05-00.14.09:344][  0]CrashReportCoreLog: CrashReportReceiver disabled
[2024.06.05-00.14.09:344][  0]CrashReportCoreLog: DataRouterUrl: https://datarouter.ol.epicgames.com/datarouter/api/v1/public/data
[2024.06.05-00.14.09:345][  0]LogInit: Initializing SDL.
[2024.06.05-00.14.09:406][  0]LogInit: Initialized SDL 2.24.0 revision:  (compiled against 2.24.0)
[2024.06.05-00.14.09:406][  0]LogInit: Using SDL video driver 'x11'
[2024.06.05-00.14.09:409][  0]LogSlate: New Slate User Created. Platform User Id 0, User Index 0, Is Virtual User: 0
[2024.06.05-00.14.09:409][  0]LogSlate: Slate User Registered.  User Index 0, Is Virtual User: 0
[2024.06.05-00.14.09:410][  0]LogSlate: Using FreeType 2.10.0
[2024.06.05-00.14.09:410][  0]LogSlate: SlateFontServices - WITH_FREETYPE: 1, WITH_HARFBUZZ: 1
[2024.06.05-00.14.09:410][  0]LogInit: Using SDL_WINDOW_OPENGL
[2024.06.05-00.14.09:500][  0]LogInit: FSlateOpenGLContext::Initialize - creating OpenGL 2.1 context
[2024.06.05-00.14.09:514][  0]LogStreaming: Warning: Failed to read file '../../../Engine/Platforms/VisionOS/Content/Editor/Slate/Launcher/Platform_VisionOS_24x.png' error.
[2024.06.05-00.14.09:514][  0]LogSlateOpenGL: Could not find file for Slate texture: [../../../Engine/Platforms/VisionOS/Content/Editor/Slate/Launcher/Platform_VisionOS_24x.png] '../../../Engine/Platforms/VisionOS/Content/Editor/Slate/Launcher/Platform_VisionOS_24x.png'
[2024.06.05-00.14.09:515][  0]LogStreaming: Warning: Failed to read file '../../../Engine/Platforms/VisionOS/Content/Editor/Slate/Launcher/Platform_VisionOS_128x.png' error.
[2024.06.05-00.14.09:515][  0]LogSlateOpenGL: Could not find file for Slate texture: [../../../Engine/Platforms/VisionOS/Content/Editor/Slate/Launcher/Platform_VisionOS_128x.png] '../../../Engine/Platforms/VisionOS/Content/Editor/Slate/Launcher/Platform_VisionOS_128x.png'
[2024.06.05-00.14.09:515][  0]LogStreaming: Warning: Failed to read file '../../../Engine/Platforms/VisionOS/Content/Editor/Slate/Launcher/Platform_VisionOS_128x.png' error.
[2024.06.05-00.14.09:515][  0]LogSlateOpenGL: Could not find file for Slate texture: [../../../Engine/Platforms/VisionOS/Content/Editor/Slate/Launcher/Platform_VisionOS_128x.png] '../../../Engine/Platforms/VisionOS/Content/Editor/Slate/Launcher/Platform_VisionOS_128x.png'
[2024.06.05-00.14.09:533][  0]CrashReportCoreLog: Initial state = Unknown UploadState value
[2024.06.05-00.14.09:533][  0]CrashReportCoreLog: Initial state = Unknown UploadState value
[2024.06.05-00.14.09:537][  0]LogInit: FSlateOpenGLContext::Initialize - creating OpenGL 2.1 context
[2024.06.05-00.14.09:539][  0]LogSlate: Took 0.000049 seconds to synchronously load lazily loaded font '../../../Engine/Content/Slate/Fonts/Roboto-Regular.ttf' (155K)
[2024.06.05-00.14.09:540][  0]LogSlate: Took 0.000026 seconds to synchronously load lazily loaded font '../../../Engine/Content/Slate/Fonts/Roboto-Bold.ttf' (160K)
[2024.06.05-00.14.09:541][  0]LogSlate: Took 0.000028 seconds to synchronously load lazily loaded font '../../../Engine/Content/Slate/Fonts/Roboto-Italic.ttf' (157K)
[2024.06.05-00.14.14:020][  0]LogInit: FSlateOpenGLContext::Initialize - creating OpenGL 2.1 context
[2024.06.05-00.14.18:393][  0]CrashReportCoreLog: Got 4 pending files to upload from 'crashinfo-WarehouseWreckage-pid-15023-A4D9B6A1A0294675823FB44150D3EA1D'
[2024.06.05-00.14.18:393][  0]CrashReportCoreLog: State change from Ready to SendingFiles
[2024.06.05-00.14.18:393][  0]CrashReportCoreLog: CompressAndSendData have 4 pending files
[2024.06.05-00.14.18:393][  0]CrashReportCoreLog: CompressAndSendData compressing 179 bytes ('/home/bronin/Code/gamedevtv/WarehouseWreckage/Saved/Crashes/crashinfo-WarehouseWreckage-pid-15023-A4D9B6A1A0294675823FB44150D3EA1D/CrashReportClient.ini')
[2024.06.05-00.14.18:393][  0]CrashReportCoreLog: Warning: Skipping the WarehouseWreckage.log
[2024.06.05-00.14.18:393][  0]CrashReportCoreLog: CompressAndSendData compressing 3573 bytes ('/home/bronin/Code/gamedevtv/WarehouseWreckage/Saved/Crashes/crashinfo-WarehouseWreckage-pid-15023-A4D9B6A1A0294675823FB44150D3EA1D/Diagnostics.txt')
[2024.06.05-00.14.18:393][  0]CrashReportCoreLog: CompressAndSendData compressing 38448 bytes ('/home/bronin/Code/gamedevtv/WarehouseWreckage/Saved/Crashes/crashinfo-WarehouseWreckage-pid-15023-A4D9B6A1A0294675823FB44150D3EA1D/CrashContext.runtime-xml')
[2024.06.05-00.14.18:409][  0]LogInit: Using libcurl 8.4.0
[2024.06.05-00.14.18:409][  0]LogInit:  - built for x86_64-unknown-linux-gnu
[2024.06.05-00.14.18:409][  0]LogInit:  - supports SSL with OpenSSL/1.1.1t
[2024.06.05-00.14.18:409][  0]LogInit:  - supports HTTP deflate (compression) using libz 1.3
[2024.06.05-00.14.18:409][  0]LogInit:  - other features:
[2024.06.05-00.14.18:409][  0]LogInit:      CURL_VERSION_SSL
[2024.06.05-00.14.18:409][  0]LogInit:      CURL_VERSION_LIBZ
[2024.06.05-00.14.18:409][  0]LogInit:      CURL_VERSION_IPV6
[2024.06.05-00.14.18:409][  0]LogInit:      CURL_VERSION_ASYNCHDNS
[2024.06.05-00.14.18:409][  0]LogInit:      CURL_VERSION_LARGEFILE
[2024.06.05-00.14.18:409][  0]LogInit:      CURL_VERSION_TLSAUTH_SRP
[2024.06.05-00.14.18:410][  0]LogInit:  CurlRequestOptions (configurable via config and command line):
[2024.06.05-00.14.18:410][  0]LogInit:  - bVerifyPeer = false  - Libcurl will NOT verify peer certificate
[2024.06.05-00.14.18:410][  0]LogInit:  - bUseHttpProxy = false  - Libcurl will NOT use HTTP proxy
[2024.06.05-00.14.18:410][  0]LogInit:  - bDontReuseConnections = false  - Libcurl will reuse connections
[2024.06.05-00.14.18:410][  0]LogInit:  - MaxHostConnections = 16  - Libcurl will limit the number of connections to a host
[2024.06.05-00.14.18:410][  0]LogInit:  - LocalHostAddr = Default
[2024.06.05-00.14.18:410][  0]LogInit:  - BufferSize = 65536
[2024.06.05-00.14.18:410][  0]LogInit: CreateHttpThread using FCurlMultiPollEventLoopHttpThread
[2024.06.05-00.14.18:410][  0]CrashReportCoreLog: Sending HTTP request: https://datarouter.ol.epicgames.com/datarouter/api/v1/public/data?AppID=CrashReporter&AppVersion=5.4.1-33305029%2B%2B%2BUE5%2BRelease-5.4&AppEnvironment=Release&UploadType=crashreports&UserID=c068836dc6ae45938c80f55f3f005f03-000003e8%7C%7Cc068836dc6ae45938c80f55f3f005f03, Payload size: 5739
[2024.06.05-00.14.18:759][  0]CrashReportCoreLog: OnProcessRequestComplete(), State=SendingFiles bSucceeded=1
[2024.06.05-00.14.18:759][  0]CrashReportCoreLog: State change from SendingFiles to SendingFiles
[2024.06.05-00.14.18:759][  0]CrashReportCoreLog: All uploads done
[2024.06.05-00.14.18:759][  0]CrashReportCoreLog: State change from SendingFiles to Finished
[2024.06.05-00.14.19:427][  0]LogSlate: Request Window '' being destroyed
[2024.06.05-00.14.19:428][  0]LogSlate: Request Window 'WarehouseWreckage Crash Reporter' being destroyed
[2024.06.05-00.14.19:428][  0]LogSlate: Window 'WarehouseWreckage Crash Reporter' being destroyed
[2024.06.05-00.14.19:429][  0]LogCore: Engine exit requested (reason: OnRequestExit)
[2024.06.05-00.14.19:429][  0]CrashReportCoreLog: Final state (Receiver) = Finished
[2024.06.05-00.14.19:429][  0]CrashReportCoreLog: Final state (Receiver) = Unknown UploadState value
[2024.06.05-00.14.19:431][  0]LogSlate: Slate User Destroyed.  User Index 0, Is Virtual User: 0
[2024.06.05-00.14.19:431][  0]LogCore: Engine exit requested (reason: CrashReportClientApp RequestExit; note: exit was already requested)
[2024.06.05-00.14.19:431][  0]LogExit: Preparing to exit.
[2024.06.05-00.14.19:438][  0]LogExit: Object subsystem successfully closed.
[2024.06.05-00.14.19:439][  0]LogPakFile: Destroying PakPlatformFile
[2024.06.05-00.14.19:439][  0]LogExit: Exiting.
[2024.06.05-00.14.19:439][  0]LogInit: Tearing down SDL.
[2024.06.05-00.14.19:451][  0]Log file closed, 06/04/24 19:14:19
